<?xml version="1.0" encoding="UTF-8" ?>
<testsuite errors="3" failures="0" hostname="David-PC" name="org.petah.spring.bai.unit.ConfigReaderTest" tests="3" time="0.414" timestamp="2010-05-07T22:55:11">
  <properties>
[...]
</properties>
  <testcase classname="org.petah.spring.bai.unit.ConfigReaderTest" name="testParse" time="0.189">
    <error message="D:\Evoke\BAI\build\classes\settings\default.unit.xml does not exist" type="java.lang.RuntimeException">java.lang.RuntimeException: D:\Evoke\BAI\build\classes\settings\default.unit.xml does not exist
	at org.petah.spring.bai.unit.ConfigReader.&lt;init&gt;(ConfigReader.java:31)
	at org.petah.spring.bai.unit.ConfigReaderTest.testParse(ConfigReaderTest.java:47)
</error>
  </testcase>
  <testcase classname="org.petah.spring.bai.unit.ConfigReaderTest" name="testStartElement" time="0.036">
    <error message="D:\Evoke\BAI\build\classes\settings\default.unit.xml does not exist" type="java.lang.RuntimeException">java.lang.RuntimeException: D:\Evoke\BAI\build\classes\settings\default.unit.xml does not exist
	at org.petah.spring.bai.unit.ConfigReader.&lt;init&gt;(ConfigReader.java:31)
	at org.petah.spring.bai.unit.ConfigReaderTest.testStartElement(ConfigReaderTest.java:62)
</error>
  </testcase>
  <testcase classname="org.petah.spring.bai.unit.ConfigReaderTest" name="testEndElement" time="0.0060">
    <error message="D:\Evoke\BAI\build\classes\settings\default.unit.xml does not exist" type="java.lang.RuntimeException">java.lang.RuntimeException: D:\Evoke\BAI\build\classes\settings\default.unit.xml does not exist
	at org.petah.spring.bai.unit.ConfigReader.&lt;init&gt;(ConfigReader.java:31)
	at org.petah.spring.bai.unit.ConfigReaderTest.testEndElement(ConfigReaderTest.java:77)
</error>
  </testcase>
  <system-out><![CDATA[parse
startElement
endElement
]]></system-out>
  <system-err><![CDATA[8/05/2010 10:55:11 AM org.petah.common.option.OptionsManager <clinit>
INFO: org.petah.common.option.OptionsManager initialized
]]></system-err>
</testsuite>
